# JRE version: Java(TM) SE Runtime Environment (17.0.2+8) (build 17.0.2+8-LTS-86)
# Java VM: Java HotSpot(TM) 64-Bit Server VM (17.0.2+8-LTS-86, mixed mode, sharing, tiered, compressed oops, compressed class ptrs, g1 gc, windows-amd64)
GC Precious Log:
 CPUs: 2 total, 2 available
 Memory: 3499M
 Large Page Support: Disabled
 NUMA Support: Disabled
 Compressed Oops: Enabled (32-bit)
 Heap Region Size: 1M
 Heap Min Capacity: 8M
 Heap Initial Capacity: 56M
 Heap Max Capacity: 2G
 Pre-touch: Disabled
 Parallel Workers: 2
 Concurrent Workers: 1
 Concurrent Refinement Workers: 2
 Periodic GC: Disabled
Heap:
 garbage-first heap   total 97280K, used 59696K [0x0000000080000000, 0x0000000100000000)
  region size 1024K, 2 young (2048K), 2 survivors (2048K)
 Metaspace       used 60509K, committed 61184K, reserved 479232K
  class space    used 8435K, committed 8704K, reserved 421888K
GC Heap History (20 events):
Event: 93.761 GC heap after
{Heap after GC invocations=45 (full 0):
 garbage-first heap   total 86016K, used 48540K [0x0000000080000000, 0x0000000100000000)
  region size 1024K, 1 young (1024K), 1 survivors (1024K)
 Metaspace       used 52291K, committed 52864K, reserved 471040K
  class space    used 7299K, committed 7552K, reserved 421888K
}
Event: 96.046 GC heap before
{Heap before GC invocations=45 (full 0):
 garbage-first heap   total 86016K, used 67996K [0x0000000080000000, 0x0000000100000000)
  region size 1024K, 20 young (20480K), 1 survivors (1024K)
 Metaspace       used 54286K, committed 54912K, reserved 471040K
  class space    used 7575K, committed 7872K, reserved 421888K
}
Event: 96.050 GC heap after
{Heap after GC invocations=46 (full 0):
 garbage-first heap   total 86016K, used 49004K [0x0000000080000000, 0x0000000100000000)
  region size 1024K, 1 young (1024K), 1 survivors (1024K)
 Metaspace       used 54286K, committed 54912K, reserved 471040K
  class space    used 7575K, committed 7872K, reserved 421888K
}
Event: 97.397 GC heap before
{Heap before GC invocations=47 (full 0):
 garbage-first heap   total 86016K, used 68607K [0x0000000080000000, 0x0000000100000000)
  region size 1024K, 21 young (21504K), 1 survivors (1024K)
 Metaspace       used 55268K, committed 55936K, reserved 471040K
  class space    used 7744K, committed 8064K, reserved 421888K
}
Event: 97.404 GC heap after
{Heap after GC invocations=48 (full 0):
 garbage-first heap   total 86016K, used 49976K [0x0000000080000000, 0x0000000100000000)
  region size 1024K, 3 young (3072K), 3 survivors (3072K)
 Metaspace       used 55268K, committed 55936K, reserved 471040K
  class space    used 7744K, committed 8064K, reserved 421888K
}
Event: 97.434 GC heap before
{Heap before GC invocations=48 (full 0):
 garbage-first heap   total 86016K, used 51000K [0x0000000080000000, 0x0000000100000000)
  region size 1024K, 4 young (4096K), 3 survivors (3072K)
 Metaspace       used 55367K, committed 56000K, reserved 471040K
  class space    used 7754K, committed 8064K, reserved 421888K
}
Event: 97.443 GC heap after
{Heap after GC invocations=49 (full 0):
 garbage-first heap   total 86016K, used 49752K [0x0000000080000000, 0x0000000100000000)
  region size 1024K, 1 young (1024K), 1 survivors (1024K)
 Metaspace       used 55367K, committed 56000K, reserved 471040K
  class space    used 7754K, committed 8064K, reserved 421888K
}
Event: 102.803 GC heap before
{Heap before GC invocations=49 (full 0):
 garbage-first heap   total 86016K, used 69208K [0x0000000080000000, 0x0000000100000000)
  region size 1024K, 20 young (20480K), 1 survivors (1024K)
 Metaspace       used 56579K, committed 57216K, reserved 471040K
  class space    used 7898K, committed 8192K, reserved 421888K
}
Event: 102.810 GC heap after
{Heap after GC invocations=50 (full 0):
 garbage-first heap   total 86016K, used 52034K [0x0000000080000000, 0x0000000100000000)
  region size 1024K, 3 young (3072K), 3 survivors (3072K)
 Metaspace       used 56579K, committed 57216K, reserved 471040K
  class space    used 7898K, committed 8192K, reserved 421888K
}
Event: 104.584 GC heap before
{Heap before GC invocations=51 (full 0):
 garbage-first heap   total 91136K, used 68418K [0x0000000080000000, 0x0000000100000000)
  region size 1024K, 20 young (20480K), 3 survivors (3072K)
 Metaspace       used 58090K, committed 58752K, reserved 479232K
  class space    used 8144K, committed 8448K, reserved 421888K
}
Event: 104.597 GC heap after
{Heap after GC invocations=52 (full 0):
 garbage-first heap   total 91136K, used 54580K [0x0000000080000000, 0x0000000100000000)
  region size 1024K, 3 young (3072K), 3 survivors (3072K)
 Metaspace       used 58090K, committed 58752K, reserved 479232K
  class space    used 8144K, committed 8448K, reserved 421888K
}
Event: 104.623 GC heap before
{Heap before GC invocations=52 (full 0):
 garbage-first heap   total 91136K, used 55604K [0x0000000080000000, 0x0000000100000000)
  region size 1024K, 4 young (4096K), 3 survivors (3072K)
 Metaspace       used 58149K, committed 58816K, reserved 479232K
  class space    used 8147K, committed 8448K, reserved 421888K
}
Event: 104.630 GC heap after
{Heap after GC invocations=53 (full 0):
 garbage-first heap   total 91136K, used 54504K [0x0000000080000000, 0x0000000100000000)
  region size 1024K, 1 young (1024K), 1 survivors (1024K)
 Metaspace       used 58149K, committed 58816K, reserved 479232K
  class space    used 8147K, committed 8448K, reserved 421888K
}
Event: 106.507 GC heap before
{Heap before GC invocations=53 (full 0):
 garbage-first heap   total 91136K, used 72936K [0x0000000080000000, 0x0000000100000000)
  region size 1024K, 19 young (19456K), 1 survivors (1024K)
 Metaspace       used 60111K, committed 60736K, reserved 479232K
  class space    used 8382K, committed 8640K, reserved 421888K
}
Event: 106.513 GC heap after
{Heap after GC invocations=54 (full 0):
 garbage-first heap   total 91136K, used 56813K [0x0000000080000000, 0x0000000100000000)
  region size 1024K, 3 young (3072K), 3 survivors (3072K)
 Metaspace       used 60111K, committed 60736K, reserved 479232K
  class space    used 8382K, committed 8640K, reserved 421888K
}
Event: 108.365 GC heap before
{Heap before GC invocations=55 (full 0):
 garbage-first heap   total 97280K, used 72173K [0x0000000080000000, 0x0000000100000000)
  region size 1024K, 19 young (19456K), 3 survivors (3072K)
 Metaspace       used 60460K, committed 61056K, reserved 479232K
  class space    used 8428K, committed 8704K, reserved 421888K
}
Event: 108.378 GC heap after
{Heap after GC invocations=56 (full 0):
 garbage-first heap   total 97280K, used 58368K [0x0000000080000000, 0x0000000100000000)
  region size 1024K, 2 young (2048K), 2 survivors (2048K)
 Metaspace       used 60460K, committed 61056K, reserved 479232K
  class space    used 8428K, committed 8704K, reserved 421888K
}
Event: 108.549 GC heap before
{Heap before GC invocations=56 (full 0):
 garbage-first heap   total 97280K, used 60416K [0x0000000080000000, 0x0000000100000000)
  region size 1024K, 4 young (4096K), 2 survivors (2048K)
 Metaspace       used 60509K, committed 61184K, reserved 479232K
  class space    used 8435K, committed 8704K, reserved 421888K
}
Event: 108.571 GC heap after
{Heap after GC invocations=57 (full 0):
 garbage-first heap   total 97280K, used 59031K [0x0000000080000000, 0x0000000100000000)
  region size 1024K, 1 young (1024K), 1 survivors (1024K)
 Metaspace       used 60509K, committed 61184K, reserved 479232K
  class space    used 8435K, committed 8704K, reserved 421888K
}
Event: 108.585 GC heap before
{Heap before GC invocations=57 (full 0):
 garbage-first heap   total 97280K, used 59031K [0x0000000080000000, 0x0000000100000000)
  region size 1024K, 2 young (2048K), 1 survivors (1024K)
 Metaspace       used 60509K, committed 61184K, reserved 479232K
  class space    used 8435K, committed 8704K, reserved 421888K
}

