# JRE version: Java(TM) SE Runtime Environment (17.0.2+8) (build 17.0.2+8-LTS-86)
# Java VM: Java HotSpot(TM) 64-Bit Server VM (17.0.2+8-LTS-86, mixed mode, sharing, tiered, compressed oops, compressed class ptrs, g1 gc, windows-amd64)
GC Precious Log:
 CPUs: 2 total, 2 available
 Memory: 3499M
 Large Page Support: Disabled
 NUMA Support: Disabled
 Compressed Oops: Enabled (32-bit)
 Heap Region Size: 1M
 Heap Min Capacity: 8M
 Heap Initial Capacity: 56M
 Heap Max Capacity: 2G
 Pre-touch: Disabled
 Parallel Workers: 2
 Concurrent Workers: 1
 Concurrent Refinement Workers: 2
 Periodic GC: Disabled
Heap:
 garbage-first heap   total 485376K, used 187904K [0x0000000080000000, 0x0000000100000000)
  region size 1024K, 2 young (2048K), 2 survivors (2048K)
 Metaspace       used 98348K, committed 99840K, reserved 512000K
  class space    used 13605K, committed 14272K, reserved 421888K
GC Heap History (20 events):
Event: 301.402 GC heap after
{Heap after GC invocations=61 (full 0):
 garbage-first heap   total 317440K, used 112330K [0x0000000080000000, 0x0000000100000000)
  region size 1024K, 12 young (12288K), 12 survivors (12288K)
 Metaspace       used 84817K, committed 85888K, reserved 495616K
  class space    used 11757K, committed 12288K, reserved 421888K
}
Event: 302.528 GC heap before
{Heap before GC invocations=61 (full 0):
 garbage-first heap   total 317440K, used 115402K [0x0000000080000000, 0x0000000100000000)
  region size 1024K, 15 young (15360K), 12 survivors (12288K)
 Metaspace       used 84872K, committed 85952K, reserved 495616K
  class space    used 11757K, committed 12288K, reserved 421888K
}
Event: 302.602 GC heap after
{Heap after GC invocations=62 (full 0):
 garbage-first heap   total 317440K, used 113664K [0x0000000080000000, 0x0000000100000000)
  region size 1024K, 2 young (2048K), 2 survivors (2048K)
 Metaspace       used 84872K, committed 85952K, reserved 495616K
  class space    used 11757K, committed 12288K, reserved 421888K
}
Event: 305.847 GC heap before
{Heap before GC invocations=62 (full 0):
 garbage-first heap   total 317440K, used 133120K [0x0000000080000000, 0x0000000100000000)
  region size 1024K, 23 young (23552K), 2 survivors (2048K)
 Metaspace       used 85090K, committed 86208K, reserved 503808K
  class space    used 11763K, committed 12288K, reserved 421888K
}
Event: 305.874 GC heap after
{Heap after GC invocations=63 (full 0):
 garbage-first heap   total 317440K, used 115200K [0x0000000080000000, 0x0000000100000000)
  region size 1024K, 3 young (3072K), 3 survivors (3072K)
 Metaspace       used 85090K, committed 86208K, reserved 503808K
  class space    used 11763K, committed 12288K, reserved 421888K
}
Event: 316.612 GC heap before
{Heap before GC invocations=64 (full 0):
 garbage-first heap   total 317440K, used 218624K [0x0000000080000000, 0x0000000100000000)
  region size 1024K, 94 young (96256K), 3 survivors (3072K)
 Metaspace       used 89375K, committed 90624K, reserved 503808K
  class space    used 12329K, committed 12928K, reserved 421888K
}
Event: 316.747 GC heap after
{Heap after GC invocations=65 (full 0):
 garbage-first heap   total 317440K, used 147062K [0x0000000080000000, 0x0000000100000000)
  region size 1024K, 12 young (12288K), 12 survivors (12288K)
 Metaspace       used 89375K, committed 90624K, reserved 503808K
  class space    used 12329K, committed 12928K, reserved 421888K
}
Event: 316.940 GC heap before
{Heap before GC invocations=65 (full 0):
 garbage-first heap   total 317440K, used 150134K [0x0000000080000000, 0x0000000100000000)
  region size 1024K, 15 young (15360K), 12 survivors (12288K)
 Metaspace       used 89515K, committed 90816K, reserved 503808K
  class space    used 12351K, committed 12928K, reserved 421888K
}
Event: 317.030 GC heap after
{Heap after GC invocations=66 (full 0):
 garbage-first heap   total 317440K, used 147456K [0x0000000080000000, 0x0000000100000000)
  region size 1024K, 1 young (1024K), 1 survivors (1024K)
 Metaspace       used 89515K, committed 90816K, reserved 503808K
  class space    used 12351K, committed 12928K, reserved 421888K
}
Event: 320.959 GC heap before
{Heap before GC invocations=66 (full 0):
 garbage-first heap   total 317440K, used 169984K [0x0000000080000000, 0x0000000100000000)
  region size 1024K, 25 young (25600K), 1 survivors (1024K)
 Metaspace       used 90365K, committed 91648K, reserved 503808K
  class space    used 12457K, committed 13056K, reserved 421888K
}
Event: 320.984 GC heap after
{Heap after GC invocations=67 (full 0):
 garbage-first heap   total 317440K, used 150739K [0x0000000080000000, 0x0000000100000000)
  region size 1024K, 5 young (5120K), 5 survivors (5120K)
 Metaspace       used 90365K, committed 91648K, reserved 503808K
  class space    used 12457K, committed 13056K, reserved 421888K
}
Event: 332.697 GC heap before
{Heap before GC invocations=68 (full 0):
 garbage-first heap   total 317440K, used 235731K [0x0000000080000000, 0x0000000100000000)
  region size 1024K, 87 young (89088K), 5 survivors (5120K)
 Metaspace       used 93942K, committed 95296K, reserved 512000K
  class space    used 12988K, committed 13568K, reserved 421888K
}
Event: 332.879 GC heap after
{Heap after GC invocations=69 (full 0):
 garbage-first heap   total 317440K, used 161263K [0x0000000080000000, 0x0000000100000000)
  region size 1024K, 11 young (11264K), 11 survivors (11264K)
 Metaspace       used 93942K, committed 95296K, reserved 512000K
  class space    used 12988K, committed 13568K, reserved 421888K
}
Event: 333.109 GC heap before
{Heap before GC invocations=69 (full 0):
 garbage-first heap   total 317440K, used 165359K [0x0000000080000000, 0x0000000100000000)
  region size 1024K, 15 young (15360K), 11 survivors (11264K)
 Metaspace       used 94158K, committed 95488K, reserved 512000K
  class space    used 13022K, committed 13632K, reserved 421888K
}
Event: 333.172 GC heap after
{Heap after GC invocations=70 (full 0):
 garbage-first heap   total 317440K, used 161451K [0x0000000080000000, 0x0000000100000000)
  region size 1024K, 1 young (1024K), 1 survivors (1024K)
 Metaspace       used 94158K, committed 95488K, reserved 512000K
  class space    used 13022K, committed 13632K, reserved 421888K
}
Event: 339.674 GC heap before
{Heap before GC invocations=70 (full 0):
 garbage-first heap   total 317440K, used 242347K [0x0000000080000000, 0x0000000100000000)
  region size 1024K, 80 young (81920K), 1 survivors (1024K)
 Metaspace       used 96604K, committed 97920K, reserved 512000K
  class space    used 13361K, committed 13952K, reserved 421888K
}
Event: 339.732 GC heap after
{Heap after GC invocations=71 (full 0):
 garbage-first heap   total 317440K, used 170459K [0x0000000080000000, 0x0000000100000000)
  region size 1024K, 10 young (10240K), 10 survivors (10240K)
 Metaspace       used 96604K, committed 97920K, reserved 512000K
  class space    used 13361K, committed 13952K, reserved 421888K
}
Event: 349.291 GC heap before
{Heap before GC invocations=72 (full 0):
 garbage-first heap   total 339968K, used 249307K [0x0000000080000000, 0x0000000100000000)
  region size 1024K, 83 young (84992K), 10 survivors (10240K)
 Metaspace       used 98061K, committed 99392K, reserved 512000K
  class space    used 13546K, committed 14144K, reserved 421888K
}
Event: 349.587 GC heap after
{Heap after GC invocations=73 (full 0):
 garbage-first heap   total 339968K, used 186980K [0x0000000080000000, 0x0000000100000000)
  region size 1024K, 11 young (11264K), 11 survivors (11264K)
 Metaspace       used 98061K, committed 99392K, reserved 512000K
  class space    used 13546K, committed 14144K, reserved 421888K
}
Event: 350.673 GC heap before
{Heap before GC invocations=73 (full 0):
 garbage-first heap   total 339968K, used 192100K [0x0000000080000000, 0x0000000100000000)
  region size 1024K, 16 young (16384K), 11 survivors (11264K)
 Metaspace       used 98348K, committed 99840K, reserved 512000K
  class space    used 13605K, committed 14272K, reserved 421888K
}

